<?xml version="1.0" encoding="UTF-8"?>
<testng-results ignored="0" total="4" passed="4" failed="0" skipped="0">
  <reporter-output>
  </reporter-output>
  <suite started-at="2024-12-22T00:19:27 IST" name="Suite" finished-at="2024-12-22T00:21:06 IST" duration-ms="99134">
    <groups>
      <group name="cucumber">
        <method signature="AbstractTestNGCucumberTests.runScenario(io.cucumber.testng.PickleWrapper,io.cucumber.testng.FeatureWrapper)[pri:0, instance:Runners.MyTestRunner@6c284af]" name="runScenario" class="io.cucumber.testng.AbstractTestNGCucumberTests"/>
      </group> <!-- cucumber -->
    </groups>
    <test started-at="2024-12-22T00:19:27 IST" name="Test" finished-at="2024-12-22T00:21:06 IST" duration-ms="99134">
      <class name="Runners.MyTestRunner">
        <test-method is-config="true" signature="setUpClass(org.testng.ITestContext)[pri:0, instance:Runners.MyTestRunner@6c284af]" started-at="2024-12-22T00:19:27 IST" name="setUpClass" finished-at="2024-12-22T00:19:30 IST" duration-ms="2621" status="PASS">
          <params>
            <param index="0">
              <value>
                <![CDATA[org.testng.TestRunner@ceddaf8]]>
              </value>
            </param>
          </params>
          <reporter-output>
          </reporter-output>
        </test-method> <!-- setUpClass -->
        <test-method signature="runScenario(io.cucumber.testng.PickleWrapper,io.cucumber.testng.FeatureWrapper)[pri:0, instance:Runners.MyTestRunner@6c284af]" started-at="2024-12-22T00:19:30 IST" name="runScenario" description="Runs Cucumber Scenarios" data-provider="scenarios" finished-at="2024-12-22T00:19:57 IST" duration-ms="27039" status="PASS">
          <params>
            <param index="0">
              <value>
                <![CDATA["To verify the URL for Demo_blaze on Google browser"]]>
              </value>
            </param>
            <param index="1">
              <value>
                <![CDATA["Feature of Demo Blaze Application"]]>
              </value>
            </param>
          </params>
          <reporter-output>
          </reporter-output>
        </test-method> <!-- runScenario -->
        <test-method signature="runScenario(io.cucumber.testng.PickleWrapper,io.cucumber.testng.FeatureWrapper)[pri:0, instance:Runners.MyTestRunner@6c284af]" started-at="2024-12-22T00:19:57 IST" name="runScenario" description="Runs Cucumber Scenarios" data-provider="scenarios" finished-at="2024-12-22T00:20:20 IST" duration-ms="23509" status="PASS">
          <params>
            <param index="0">
              <value>
                <![CDATA["To verify whether the site displays Greetings to the user"]]>
              </value>
            </param>
            <param index="1">
              <value>
                <![CDATA["Feature of Demo Blaze Application"]]>
              </value>
            </param>
          </params>
          <reporter-output>
          </reporter-output>
        </test-method> <!-- runScenario -->
        <test-method signature="runScenario(io.cucumber.testng.PickleWrapper,io.cucumber.testng.FeatureWrapper)[pri:0, instance:Runners.MyTestRunner@6c284af]" started-at="2024-12-22T00:20:20 IST" name="runScenario" description="Runs Cucumber Scenarios" data-provider="scenarios" finished-at="2024-12-22T00:20:40 IST" duration-ms="19736" status="PASS">
          <params>
            <param index="0">
              <value>
                <![CDATA["To verify that the user redirects to the sign up page"]]>
              </value>
            </param>
            <param index="1">
              <value>
                <![CDATA["Feature of Demo Blaze Application"]]>
              </value>
            </param>
          </params>
          <reporter-output>
          </reporter-output>
        </test-method> <!-- runScenario -->
        <test-method signature="runScenario(io.cucumber.testng.PickleWrapper,io.cucumber.testng.FeatureWrapper)[pri:0, instance:Runners.MyTestRunner@6c284af]" started-at="2024-12-22T00:20:40 IST" name="runScenario" description="Runs Cucumber Scenarios" data-provider="scenarios" finished-at="2024-12-22T00:21:06 IST" duration-ms="25628" status="PASS">
          <params>
            <param index="0">
              <value>
                <![CDATA["To verify  that the user enters the valid user name"]]>
              </value>
            </param>
            <param index="1">
              <value>
                <![CDATA["Feature of Demo Blaze Application"]]>
              </value>
            </param>
          </params>
          <reporter-output>
          </reporter-output>
        </test-method> <!-- runScenario -->
        <test-method is-config="true" signature="tearDownClass()[pri:0, instance:Runners.MyTestRunner@6c284af]" started-at="2024-12-22T00:21:06 IST" name="tearDownClass" finished-at="2024-12-22T00:21:06 IST" duration-ms="415" status="PASS">
          <reporter-output>
          </reporter-output>
        </test-method> <!-- tearDownClass -->
      </class> <!-- Runners.MyTestRunner -->
    </test> <!-- Test -->
  </suite> <!-- Suite -->
</testng-results>
